<?xml version="1.0" encoding="UTF-8"?>
<!-- Generated by org.testng.reporters.JUnitXMLReporter -->
<testsuite ignored="2" hostname="Rohit" failures="1" tests="2" name="TrelloTests" time="0.328" errors="0" timestamp="2024-06-20T22:12:04 IST">
  <testcase classname="trelloapp_test.TrelloAppTest" name="checkWhetherTheEndUserIsAbleToLogin" time="0.167"/>
  <testcase classname="trelloapp_test.TrelloAppTest" name="checkWhetherTheEndUserIsAbleToLogin" time="0.221">
    <failure type="java.lang.NullPointerException" message="Cannot invoke &amp;quot;org.openqa.selenium.TakesScreenshot.getScreenshotAs(org.openqa.selenium.OutputType)&amp;quot; because &amp;quot;ts&amp;quot; is null">
      <![CDATA[java.lang.NullPointerException: Cannot invoke "org.openqa.selenium.TakesScreenshot.getScreenshotAs(org.openqa.selenium.OutputType)" because "ts" is null
at genericutility.BaseClass.captureScreenshot(BaseClass.java:52)
at genericutility.ListenersImplementation.onTestSuccess(ListenersImplementation.java:30)
at java.base/java.util.ArrayList.forEach(ArrayList.java:1511)
... Removed 24 stack frames]]>
    </failure>
  </testcase> <!-- checkWhetherTheEndUserIsAbleToLogin -->
  <testcase classname="trelloapp_test.TrelloAppTest" name="checkWhetherTheEndUserIsAbleToCreateAndDeleteTheBoard" time="0.0">
    <ignored/>
  </testcase> <!-- checkWhetherTheEndUserIsAbleToCreateAndDeleteTheBoard -->
  <testcase classname="trelloapp_test.TrelloAppTest" name="writeAScriptToCheckClickHoldAndReleaseFunctionalityWithCardsAndListsInTrelloBoardsPage" time="0.0">
    <ignored/>
  </testcase> <!-- writeAScriptToCheckClickHoldAndReleaseFunctionalityWithCardsAndListsInTrelloBoardsPage -->
</testsuite> <!-- TrelloTests -->
