<?xml version="1.0" encoding="UTF-8"?>
<!-- Generated by org.testng.reporters.JUnitXMLReporter -->
<testsuite ignored="1" hostname="Rohit" failures="0" tests="1" name="Default test" time="54.819" errors="0" timestamp="2024-06-20T14:18:32 IST">
  <testcase classname="trelloapp_test.TrelloAppTest" name="writeAScriptToCheckClickHoldAndReleaseFunctionalityWithCardsAndListsInTrelloBoardsPage" time="44.76"/>
  <testcase classname="trelloapp_test.TrelloAppTest" name="checkWhetherTheEndUserIsAbleToCreateAndDeleteTheBoard" time="0.0">
    <ignored/>
  </testcase> <!-- checkWhetherTheEndUserIsAbleToCreateAndDeleteTheBoard -->
</testsuite> <!-- Default test -->
