<?xml version="1.0" encoding="UTF-8"?>
<!-- Generated by org.testng.reporters.JUnitXMLReporter -->
<testsuite ignored="3" hostname="Rohit" failures="0" tests="1" name="Default test" time="87.076" errors="0" timestamp="2024-06-20T21:42:38 IST">
  <testcase classname="trelloapp_test.TrelloAppTest" name="checkWhetherTheEndUserIsAbleToCreateABoard" time="64.899"/>
  <testcase classname="trelloapp_test.TrelloAppTest" name="writeAScriptToCheckClickHoldAndReleaseFunctionalityWithCardsAndListsInTrelloBoardsPage" time="0.0">
    <ignored/>
  </testcase> <!-- writeAScriptToCheckClickHoldAndReleaseFunctionalityWithCardsAndListsInTrelloBoardsPage -->
  <testcase classname="trelloapp_test.TrelloAppTest" name="checkWhetherTheEndUserIsAbleToLogin" time="0.0">
    <ignored/>
  </testcase> <!-- checkWhetherTheEndUserIsAbleToLogin -->
  <testcase classname="trelloapp_test.TrelloAppTest" name="checkWhetherTheEndUserIsAbleToCreateAndDeleteTheBoard" time="0.0">
    <ignored/>
  </testcase> <!-- checkWhetherTheEndUserIsAbleToCreateAndDeleteTheBoard -->
</testsuite> <!-- Default test -->
