<?xml version="1.0" encoding="UTF-8"?>
<!-- Generated by org.testng.reporters.JUnitXMLReporter -->
<testsuite ignored="0" hostname="Rohit" failures="1" tests="2" name="Test02" time="60.568" errors="0" timestamp="2024-06-05T14:20:54 IST">
  <testcase classname="datadriventestingconcept.ReadTheDataFromXMLFile" name="checkWhetherTheUserIsAbleToLoginToFacebook" time="60.416"/>
  <testcase classname="datadriventestingconcept.ReadTheDataFromXMLFile" name="checkWhetherTheUserIsAbleToLoginToFacebook" time="60.507">
    <failure type="java.lang.NullPointerException" message="Cannot invoke &amp;quot;org.openqa.selenium.TakesScreenshot.getScreenshotAs(org.openqa.selenium.OutputType)&amp;quot; because &amp;quot;ts&amp;quot; is null">
      <![CDATA[java.lang.NullPointerException: Cannot invoke "org.openqa.selenium.TakesScreenshot.getScreenshotAs(org.openqa.selenium.OutputType)" because "ts" is null
at com.example.genericutility.BaseClass.captureScreenshot(BaseClass.java:52)
at com.example.genericutility.ListenersImplementation.onTestSuccess(ListenersImplementation.java:30)
at java.base/java.util.ArrayList.forEach(ArrayList.java:1511)
at java.base/java.util.concurrent.FutureTask.run(FutureTask.java:317)
at java.base/java.util.concurrent.ThreadPoolExecutor.runWorker(ThreadPoolExecutor.java:1144)
at java.base/java.util.concurrent.ThreadPoolExecutor$Worker.run(ThreadPoolExecutor.java:642)
at java.base/java.lang.Thread.run(Thread.java:1623)
... Removed 14 stack frames]]>
    </failure>
  </testcase> <!-- checkWhetherTheUserIsAbleToLoginToFacebook -->
</testsuite> <!-- Test02 -->
