<?xml version="1.0" encoding="UTF-8"?>
<!-- Generated by org.testng.reporters.JUnitXMLReporter -->
<testsuite ignored="1" hostname="Rohit" failures="0" tests="18" name="Test" time="36.883" errors="0" timestamp="2024-06-01T12:19:17 IST">
  <testcase classname="testngbasics.Implementation" name="loginToFacebook" time="6.888"/>
  <testcase classname="testngbasics.Implementation" name="loginToVtiger" time="15.544"/>
  <testcase classname="testngbasics.Group01" name="forgottenPwd" time="0.0"/>
  <testcase classname="testngbasics.Group01" name="login" time="0.016"/>
  <testcase classname="testngbasics.Group01" name="logout" time="0.0"/>
  <testcase classname="testngbasics.Group01" name="profile" time="0.016"/>
  <testcase classname="testngbasics.AnnotationsAndArguments" name="login" time="0.016"/>
  <testcase classname="testngbasics.AnnotationsAndArguments" name="home" time="0.016"/>
  <testcase classname="testngbasics.AnnotationsAndArguments" name="product" time="0.016"/>
  <testcase classname="testngbasics.AnnotationsAndArguments" name="payment" time="0.016"/>
  <testcase classname="testngbasics.AnnotationsAndArguments" name="logout" time="0.016"/>
  <testcase classname="testngbasics.AnnotationsAndArguments" name="logout" time="0.015"/>
  <testcase classname="testngbasics.Group03" name="payment" time="0.0"/>
  <testcase classname="testngbasics.Group03" name="product" time="0.015"/>
  <testcase classname="testngbasics.Group03" name="signup" time="0.0"/>
  <testcase classname="testngbasics.Group02" name="createNewAccount" time="0.016"/>
  <testcase classname="testngbasics.Group02" name="friendRequest" time="0.016"/>
  <testcase classname="testngbasics.Group02" name="home" time="0.0"/>
  <testcase classname="testngbasics.AnnotationsAndArguments" name="addToCart" time="0.0">
    <ignored/>
  </testcase> <!-- addToCart -->
</testsuite> <!-- Test -->
