<?xml version="1.0" encoding="UTF-8"?>
<testng-results ignored="0" total="1" passed="1" failed="0" skipped="0">
  <reporter-output>
  </reporter-output>
  <suite started-at="2024-06-12T19:31:30 IST" name="Surefire suite" finished-at="2024-06-12T19:31:49 IST" duration-ms="19630">
    <groups>
    </groups>
    <test started-at="2024-06-12T19:31:30 IST" name="Surefire test" finished-at="2024-06-12T19:31:49 IST" duration-ms="19630">
      <class name="extras.WebFormTest">
        <test-method is-config="true" signature="setUp()[pri:0, instance:extras.WebFormTest@60dcc9fe]" started-at="2024-06-12T19:31:30 IST" name="setUp" finished-at="2024-06-12T19:31:36 IST" duration-ms="5940" status="PASS">
          <reporter-output>
          </reporter-output>
        </test-method> <!-- setUp -->
        <test-method signature="checkWhetherUserIsAbleToFillTheForm()[pri:0, instance:extras.WebFormTest@60dcc9fe]" started-at="2024-06-12T19:31:36 IST" name="checkWhetherUserIsAbleToFillTheForm" finished-at="2024-06-12T19:31:48 IST" duration-ms="12659" status="PASS">
          <reporter-output>
          </reporter-output>
        </test-method> <!-- checkWhetherUserIsAbleToFillTheForm -->
        <test-method is-config="true" signature="tearDown()[pri:0, instance:extras.WebFormTest@60dcc9fe]" started-at="2024-06-12T19:31:49 IST" name="tearDown" finished-at="2024-06-12T19:31:49 IST" duration-ms="731" status="PASS">
          <reporter-output>
          </reporter-output>
        </test-method> <!-- tearDown -->
      </class> <!-- extras.WebFormTest -->
    </test> <!-- Surefire test -->
  </suite> <!-- Surefire suite -->
</testng-results>
