<?xml version="1.0" encoding="UTF-8"?>
<testng-results ignored="0" total="2" passed="2" failed="0" skipped="0">
  <reporter-output>
    <line>
      <![CDATA[Sign up for Facebook | Facebook]]>
    </line>
    <line>
      <![CDATA[Sign up for Facebook | Facebook]]>
    </line>
  </reporter-output>
  <suite started-at="2024-06-23T23:58:43 IST" name="Default suite" finished-at="2024-06-23T23:59:09 IST" duration-ms="26186">
    <groups>
      <group name="functional">
        <method signature="FacebookTest.checkWhetherTheUserIsAbleToRegisterInFacebookSignUpPage()[pri:0, instance:facebook.FacebookTest@78691363]" name="checkWhetherTheUserIsAbleToRegisterInFacebookSignUpPage" class="facebook.FacebookTest"/>
      </group> <!-- functional -->
      <group name="smoke">
        <method signature="FacebookTest.checkWhetherTheUserIsAbleToRegisterInFacebookSignUpPage()[pri:0, instance:facebook.FacebookTest@78691363]" name="checkWhetherTheUserIsAbleToRegisterInFacebookSignUpPage" class="facebook.FacebookTest"/>
      </group> <!-- smoke -->
    </groups>
    <test started-at="2024-06-23T23:58:43 IST" name="Default test" finished-at="2024-06-23T23:59:09 IST" duration-ms="26186">
      <class name="facebook.FacebookTest">
        <test-method is-config="true" signature="setUp()[pri:0, instance:facebook.FacebookTest@78691363]" started-at="2024-06-23T23:58:43 IST" name="setUp" finished-at="2024-06-23T23:58:50 IST" duration-ms="7294" status="PASS">
          <reporter-output>
          </reporter-output>
        </test-method> <!-- setUp -->
        <test-method signature="checkWhetherTheUserIsAbleToRegisterInFacebookSignUpPage()[pri:0, instance:facebook.FacebookTest@78691363]" started-at="2024-06-23T23:58:50 IST" name="checkWhetherTheUserIsAbleToRegisterInFacebookSignUpPage" finished-at="2024-06-23T23:58:58 IST" duration-ms="8108" status="PASS">
          <reporter-output>
            <line>
              <![CDATA[Sign up for Facebook | Facebook]]>
            </line>
          </reporter-output>
        </test-method> <!-- checkWhetherTheUserIsAbleToRegisterInFacebookSignUpPage -->
        <test-method is-config="true" signature="tearDown()[pri:0, instance:facebook.FacebookTest@78691363]" started-at="2024-06-23T23:58:58 IST" name="tearDown" finished-at="2024-06-23T23:58:59 IST" duration-ms="751" status="PASS">
          <reporter-output>
          </reporter-output>
        </test-method> <!-- tearDown -->
        <test-method is-config="true" signature="setUp()[pri:0, instance:facebook.FacebookTest@78691363]" started-at="2024-06-23T23:58:59 IST" name="setUp" finished-at="2024-06-23T23:59:02 IST" duration-ms="3494" status="PASS">
          <reporter-output>
          </reporter-output>
        </test-method> <!-- setUp -->
        <test-method signature="checkWhetherTheUserIsAbleToRegisterInFacebookSignUpPage()[pri:0, instance:facebook.FacebookTest@78691363]" started-at="2024-06-23T23:59:02 IST" name="checkWhetherTheUserIsAbleToRegisterInFacebookSignUpPage" finished-at="2024-06-23T23:59:08 IST" duration-ms="5662" status="PASS">
          <reporter-output>
            <line>
              <![CDATA[Sign up for Facebook | Facebook]]>
            </line>
          </reporter-output>
        </test-method> <!-- checkWhetherTheUserIsAbleToRegisterInFacebookSignUpPage -->
        <test-method is-config="true" signature="tearDown()[pri:0, instance:facebook.FacebookTest@78691363]" started-at="2024-06-23T23:59:08 IST" name="tearDown" finished-at="2024-06-23T23:59:09 IST" duration-ms="749" status="PASS">
          <reporter-output>
          </reporter-output>
        </test-method> <!-- tearDown -->
      </class> <!-- facebook.FacebookTest -->
    </test> <!-- Default test -->
  </suite> <!-- Default suite -->
</testng-results>
