<?xml version="1.0" encoding="UTF-8"?>
<testng-results ignored="0" total="1" passed="1" failed="0" skipped="0">
  <reporter-output>
  </reporter-output>
  <suite started-at="2024-06-20T14:17:37 IST" name="Default suite" finished-at="2024-06-20T14:18:32 IST" duration-ms="54819">
    <groups>
    </groups>
    <test started-at="2024-06-20T14:17:37 IST" name="Default test" finished-at="2024-06-20T14:18:32 IST" duration-ms="54819">
      <class name="trelloapp_test.TrelloAppTest">
        <test-method is-config="true" signature="setUp()[pri:0, instance:trelloapp_test.TrelloAppTest@639c2c1d]" started-at="2024-06-20T14:17:37 IST" name="setUp" finished-at="2024-06-20T14:17:46 IST" duration-ms="8579" status="PASS">
          <reporter-output>
          </reporter-output>
        </test-method> <!-- setUp -->
        <test-method signature="writeAScriptToCheckClickHoldAndReleaseFunctionalityWithCardsAndListsInTrelloBoardsPage()[pri:0, instance:trelloapp_test.TrelloAppTest@639c2c1d]" started-at="2024-06-20T14:17:46 IST" name="writeAScriptToCheckClickHoldAndReleaseFunctionalityWithCardsAndListsInTrelloBoardsPage" finished-at="2024-06-20T14:18:30 IST" duration-ms="44760" status="PASS">
          <reporter-output>
          </reporter-output>
        </test-method> <!-- writeAScriptToCheckClickHoldAndReleaseFunctionalityWithCardsAndListsInTrelloBoardsPage -->
        <test-method is-config="true" signature="tearDown()[pri:0, instance:trelloapp_test.TrelloAppTest@639c2c1d]" started-at="2024-06-20T14:18:31 IST" name="tearDown" finished-at="2024-06-20T14:18:32 IST" duration-ms="703" status="PASS">
          <reporter-output>
          </reporter-output>
        </test-method> <!-- tearDown -->
      </class> <!-- trelloapp_test.TrelloAppTest -->
    </test> <!-- Default test -->
  </suite> <!-- Default suite -->
</testng-results>
